<?xml version="1.0" encoding="UTF-8"?>
<testsuite xmlns:xsi="http://www.w3.org/2001/XMLSchema-instance" xsi:noNamespaceSchemaLocation="https://maven.apache.org/surefire/maven-surefire-plugin/xsd/surefire-test-report-3.0.xsd" version="3.0" name="cucumber.RunCucumberTest" time="15.606" tests="1" errors="0" skipped="0" failures="0">
  <properties>
[...]
</properties>
  <testcase name="User uploads an invalid file type" classname="File Upload" time="13.846">
    <system-out><![CDATA[
@FileUpload @TC08
Scenario: User uploads an invalid file type       # src/test/resources/cucumber/FileUploader.feature:20
20:45:17.128 [main] DEBUG io.netty.util.internal.logging.InternalLoggerFactory - Using SLF4J as the default logging framework
20:45:17.135 [main] DEBUG io.netty.util.ResourceLeakDetector - -Dio.netty.leakDetection.level: simple
20:45:17.135 [main] DEBUG io.netty.util.ResourceLeakDetector - -Dio.netty.leakDetection.targetRecords: 4
20:45:17.140 [main] DEBUG io.netty.util.ResourceLeakDetectorFactory - Loaded default ResourceLeakDetector: io.netty.util.ResourceLeakDetector@41200e0c
20:45:17.161 [main] DEBUG io.netty.util.internal.PlatformDependent0 - -Dio.netty.noUnsafe: false
20:45:17.161 [main] DEBUG io.netty.util.internal.PlatformDependent0 - Java version: 17
20:45:17.163 [main] DEBUG io.netty.util.internal.PlatformDependent0 - sun.misc.Unsafe.theUnsafe: available
20:45:17.164 [main] DEBUG io.netty.util.internal.PlatformDependent0 - sun.misc.Unsafe.copyMemory: available
20:45:17.164 [main] DEBUG io.netty.util.internal.PlatformDependent0 - sun.misc.Unsafe.storeFence: available
20:45:17.165 [main] DEBUG io.netty.util.internal.PlatformDependent0 - java.nio.Buffer.address: available
20:45:17.166 [main] DEBUG io.netty.util.internal.PlatformDependent0 - direct buffer constructor: unavailable: Reflective setAccessible(true) disabled
20:45:17.167 [main] DEBUG io.netty.util.internal.PlatformDependent0 - java.nio.Bits.unaligned: available, true
20:45:17.169 [main] DEBUG io.netty.util.internal.PlatformDependent0 - jdk.internal.misc.Unsafe.allocateUninitializedArray(int): unavailable: class io.netty.util.internal.PlatformDependent0$7 cannot access class jdk.internal.misc.Unsafe (in module java.base) because module java.base does not export jdk.internal.misc to unnamed module @604ed9f0
20:45:17.171 [main] DEBUG io.netty.util.internal.PlatformDependent0 - java.nio.DirectByteBuffer.<init>(long, int): unavailable
20:45:17.171 [main] DEBUG io.netty.util.internal.PlatformDependent - sun.misc.Unsafe: available
20:45:17.173 [main] DEBUG io.netty.util.internal.PlatformDependent - maxDirectMemory: 5347737600 bytes (maybe)
20:45:17.173 [main] DEBUG io.netty.util.internal.PlatformDependent - -Dio.netty.tmpdir: C:\Users\User\AppData\Local\Temp (java.io.tmpdir)
20:45:17.174 [main] DEBUG io.netty.util.internal.PlatformDependent - -Dio.netty.bitMode: 64 (sun.arch.data.model)
20:45:17.174 [main] DEBUG io.netty.util.internal.PlatformDependent - Platform: Windows
20:45:17.175 [main] DEBUG io.netty.util.internal.PlatformDependent - -Dio.netty.maxDirectMemory: -1 bytes
20:45:17.175 [main] DEBUG io.netty.util.internal.PlatformDependent - -Dio.netty.uninitializedArrayAllocationThreshold: -1
20:45:17.176 [main] DEBUG io.netty.util.internal.CleanerJava9 - java.nio.ByteBuffer.cleaner(): available
20:45:17.176 [main] DEBUG io.netty.util.internal.PlatformDependent - -Dio.netty.noPreferDirect: false
20:45:17.185 [main] DEBUG io.netty.util.internal.PlatformDependent - org.jctools-core.MpscChunkedArrayQueue: available
20:45:17.213 [main] DEBUG io.netty.util.internal.InternalThreadLocalMap - -Dio.netty.threadLocalMap.stringBuilder.initialSize: 1024
20:45:17.213 [main] DEBUG io.netty.util.internal.InternalThreadLocalMap - -Dio.netty.threadLocalMap.stringBuilder.maxSize: 4096
20:45:17.506 [main] DEBUG io.netty.handler.ssl.JdkSslContext - Default protocols (JDK): [TLSv1.3, TLSv1.2] 
20:45:17.507 [main] DEBUG io.netty.handler.ssl.JdkSslContext - Default cipher suites (JDK): [TLS_ECDHE_ECDSA_WITH_AES_256_GCM_SHA384, TLS_ECDHE_ECDSA_WITH_AES_128_GCM_SHA256, TLS_ECDHE_RSA_WITH_AES_128_GCM_SHA256, TLS_ECDHE_RSA_WITH_AES_256_GCM_SHA384, TLS_ECDHE_RSA_WITH_AES_128_CBC_SHA, TLS_ECDHE_RSA_WITH_AES_256_CBC_SHA, TLS_RSA_WITH_AES_128_GCM_SHA256, TLS_RSA_WITH_AES_128_CBC_SHA, TLS_RSA_WITH_AES_256_CBC_SHA, TLS_AES_128_GCM_SHA256, TLS_AES_256_GCM_SHA384]
20:45:17.527 [main] DEBUG io.netty.util.concurrent.GlobalEventExecutor - -Dio.netty.globalEventExecutor.quietPeriodSeconds: 1
20:45:17.546 [main] DEBUG io.netty.channel.MultithreadEventLoopGroup - -Dio.netty.eventLoopThreads: 8
20:45:17.556 [main] DEBUG io.netty.channel.nio.NioEventLoop - -Dio.netty.noKeySetOptimization: false
20:45:17.556 [main] DEBUG io.netty.channel.nio.NioEventLoop - -Dio.netty.selectorAutoRebuildThreshold: 512
20:45:17.635 [main] DEBUG io.netty.buffer.PooledByteBufAllocator - -Dio.netty.allocator.numHeapArenas: 8
20:45:17.635 [main] DEBUG io.netty.buffer.PooledByteBufAllocator - -Dio.netty.allocator.numDirectArenas: 8
20:45:17.635 [main] DEBUG io.netty.buffer.PooledByteBufAllocator - -Dio.netty.allocator.pageSize: 8192
20:45:17.635 [main] DEBUG io.netty.buffer.PooledByteBufAllocator - -Dio.netty.allocator.maxOrder: 9
20:45:17.635 [main] DEBUG io.netty.buffer.PooledByteBufAllocator - -Dio.netty.allocator.chunkSize: 4194304
20:45:17.635 [main] DEBUG io.netty.buffer.PooledByteBufAllocator - -Dio.netty.allocator.smallCacheSize: 256
20:45:17.636 [main] DEBUG io.netty.buffer.PooledByteBufAllocator - -Dio.netty.allocator.normalCacheSize: 64
20:45:17.636 [main] DEBUG io.netty.buffer.PooledByteBufAllocator - -Dio.netty.allocator.maxCachedBufferCapacity: 32768
20:45:17.636 [main] DEBUG io.netty.buffer.PooledByteBufAllocator - -Dio.netty.allocator.cacheTrimInterval: 8192
20:45:17.636 [main] DEBUG io.netty.buffer.PooledByteBufAllocator - -Dio.netty.allocator.cacheTrimIntervalMillis: 0
20:45:17.637 [main] DEBUG io.netty.buffer.PooledByteBufAllocator - -Dio.netty.allocator.useCacheForAllThreads: false
20:45:17.637 [main] DEBUG io.netty.buffer.PooledByteBufAllocator - -Dio.netty.allocator.maxCachedByteBuffersPerChunk: 1023
20:45:17.663 [main] DEBUG io.netty.buffer.ByteBufUtil - -Dio.netty.allocator.type: pooled
20:45:17.663 [main] DEBUG io.netty.buffer.ByteBufUtil - -Dio.netty.threadLocalDirectBufferSize: 0
20:45:17.664 [main] DEBUG io.netty.buffer.ByteBufUtil - -Dio.netty.maxThreadLocalCharBufferSize: 16384
20:45:18.300 [Forwarding newSession on session null to remote] DEBUG io.netty.channel.DefaultChannelId - -Dio.netty.processId: 9540 (auto-detected)
20:45:18.305 [Forwarding newSession on session null to remote] DEBUG io.netty.util.NetUtil - -Djava.net.preferIPv4Stack: false
20:45:18.305 [Forwarding newSession on session null to remote] DEBUG io.netty.util.NetUtil - -Djava.net.preferIPv6Addresses: false
20:45:18.344 [Forwarding newSession on session null to remote] DEBUG io.netty.util.NetUtilInitializations - Loopback interface: lo (Software Loopback Interface 1, 127.0.0.1)
20:45:18.350 [Forwarding newSession on session null to remote] DEBUG io.netty.util.NetUtil - Failed to get SOMAXCONN from sysctl and file \proc\sys\net\core\somaxconn. Default: 200
20:45:18.454 [Forwarding newSession on session null to remote] DEBUG io.netty.channel.DefaultChannelId - -Dio.netty.machineId: b8:81:98:ff:fe:5a:26:e3 (auto-detected)
20:45:18.527 [AsyncHttpClient-1-2] DEBUG io.netty.buffer.AbstractByteBuf - -Dio.netty.buffer.checkAccessible: true
20:45:18.528 [AsyncHttpClient-1-2] DEBUG io.netty.buffer.AbstractByteBuf - -Dio.netty.buffer.checkBounds: true
20:45:18.528 [AsyncHttpClient-1-2] DEBUG io.netty.util.ResourceLeakDetectorFactory - Loaded default ResourceLeakDetector: io.netty.util.ResourceLeakDetector@20d35a59
20:45:18.568 [AsyncHttpClient-1-2] DEBUG org.asynchttpclient.netty.channel.NettyConnectListener - Using new Channel '[id: 0xcbd1f5c4, L:/127.0.0.1:52014 - R:localhost/127.0.0.1:1268]' for 'POST' to '/session'
20:45:18.604 [AsyncHttpClient-1-2] DEBUG io.netty.util.Recycler - -Dio.netty.recycler.maxCapacityPerThread: 4096
20:45:18.605 [AsyncHttpClient-1-2] DEBUG io.netty.util.Recycler - -Dio.netty.recycler.ratio: 8
20:45:18.605 [AsyncHttpClient-1-2] DEBUG io.netty.util.Recycler - -Dio.netty.recycler.chunkSize: 32
20:45:18.605 [AsyncHttpClient-1-2] DEBUG io.netty.util.Recycler - -Dio.netty.recycler.blocking: false
20:45:18.605 [AsyncHttpClient-1-2] DEBUG io.netty.util.Recycler - -Dio.netty.recycler.batchFastThreadLocalOnly: true
20:45:19.788 [AsyncHttpClient-1-2] DEBUG io.netty.handler.codec.compression.Brotli - brotli4j not in the classpath; Brotli support will be unavailable.
20:45:19.788 [AsyncHttpClient-1-2] DEBUG org.asynchttpclient.netty.handler.HttpHandler - 

Request DefaultHttpRequest(decodeResult: success, version: HTTP/1.1)
POST /session HTTP/1.1
User-Agent: selenium/4.11.0 (java windows)
Content-Length: 728
Content-Type: application/json; charset=utf-8
host: localhost:1268
accept: */*

Response DefaultHttpResponse(decodeResult: success, version: HTTP/1.1)
HTTP/1.1 200 OK
Content-Length: 880
Content-Type: application/json; charset=utf-8
cache-control: no-cache

20:45:19.800 [AsyncHttpClient-1-2] DEBUG org.asynchttpclient.netty.channel.ChannelManager - Adding key: http://localhost:1268 for channel [id: 0xcbd1f5c4, L:/127.0.0.1:52014 - R:localhost/127.0.0.1:1268]
20:45:20.090 [AsyncHttpClient-1-3] DEBUG org.asynchttpclient.netty.channel.NettyConnectListener - Using new Channel '[id: 0x391c7931, L:/127.0.0.1:52022 - R:localhost/127.0.0.1:52015]' for 'GET' to '/json/version'
20:45:20.098 [AsyncHttpClient-1-3] DEBUG org.asynchttpclient.netty.handler.HttpHandler - 

Request DefaultFullHttpRequest(decodeResult: success, version: HTTP/1.1, content: EmptyByteBufBE)
GET /json/version HTTP/1.1
User-Agent: selenium/4.11.0 (java windows)
host: localhost:52015
accept: */*

Response DefaultHttpResponse(decodeResult: success, version: HTTP/1.1)
HTTP/1.1 200 OK
Content-Security-Policy: frame-ancestors 'none'
Content-Length: 424
Content-Type: application/json; charset=UTF-8

20:45:20.099 [AsyncHttpClient-1-3] DEBUG org.asynchttpclient.netty.channel.ChannelManager - Adding key: http://localhost:52015 for channel [id: 0x391c7931, L:/127.0.0.1:52022 - R:localhost/127.0.0.1:52015]
20:45:20.116 [main] DEBUG io.netty.util.internal.ThreadLocalRandom - -Dio.netty.initialSeedUniquifier: 0x1aad06afcf616e83
20:45:20.135 [AsyncHttpClient-1-4] DEBUG org.asynchttpclient.netty.channel.NettyConnectListener - Using new Channel '[id: 0x98aaf591, L:/127.0.0.1:52023 - R:localhost/127.0.0.1:52015]' for 'GET' to '/devtools/browser/71d34cad-52e6-44fa-a5af-4d047f1e780d'
20:45:20.162 [AsyncHttpClient-1-4] DEBUG org.asynchttpclient.netty.handler.WebSocketHandler - 

Request DefaultFullHttpRequest(decodeResult: success, version: HTTP/1.1, content: EmptyByteBufBE)
GET /devtools/browser/71d34cad-52e6-44fa-a5af-4d047f1e780d HTTP/1.1
upgrade: websocket
connection: upgrade
sec-websocket-key: Cctv3Mbd0y9cDLlzXJPfQA==
sec-websocket-version: 13
origin: http://localhost:52015
host: localhost:52015
accept: */*
user-agent: AHC/2.1

Response DefaultHttpResponse(decodeResult: success, version: HTTP/1.1)
HTTP/1.1 101 WebSocket Protocol Handshake
Upgrade: WebSocket
Connection: Upgrade
Sec-WebSocket-Accept: 91g/jEdLbhBT6QabwU6w8/rxBuw=

20:45:20.413 [Forwarding maximizeCurrentWindow on session d0d4a66748d9c762586d2bfdcc66887f to remote] DEBUG org.asynchttpclient.netty.request.NettyRequestSender - Using pooled Channel '[id: 0xcbd1f5c4, L:/127.0.0.1:52014 - R:localhost/127.0.0.1:1268]' for 'POST' to 'http://localhost:1268/session/d0d4a66748d9c762586d2bfdcc66887f/window/maximize'
20:45:20.413 [Forwarding maximizeCurrentWindow on session d0d4a66748d9c762586d2bfdcc66887f to remote] DEBUG org.asynchttpclient.netty.request.NettyRequestSender - Using open Channel [id: 0xcbd1f5c4, L:/127.0.0.1:52014 - R:localhost/127.0.0.1:1268] for POST '/session/d0d4a66748d9c762586d2bfdcc66887f/window/maximize'
20:45:20.505 [AsyncHttpClient-1-2] DEBUG org.asynchttpclient.netty.handler.HttpHandler - 

Request DefaultHttpRequest(decodeResult: success, version: HTTP/1.1)
POST /session/d0d4a66748d9c762586d2bfdcc66887f/window/maximize HTTP/1.1
User-Agent: selenium/4.11.0 (java windows)
Content-Length: 3
Content-Type: application/json; charset=utf-8
host: localhost:1268
accept: */*

Response DefaultHttpResponse(decodeResult: success, version: HTTP/1.1)
HTTP/1.1 200 OK
Content-Length: 54
Content-Type: application/json; charset=utf-8
cache-control: no-cache

20:45:20.505 [AsyncHttpClient-1-2] DEBUG org.asynchttpclient.netty.channel.ChannelManager - Adding key: http://localhost:1268 for channel [id: 0xcbd1f5c4, L:/127.0.0.1:52014 - R:localhost/127.0.0.1:1268]
20:45:20.518 [Forwarding get on session d0d4a66748d9c762586d2bfdcc66887f to remote] DEBUG org.asynchttpclient.netty.request.NettyRequestSender - Using pooled Channel '[id: 0xcbd1f5c4, L:/127.0.0.1:52014 - R:localhost/127.0.0.1:1268]' for 'POST' to 'http://localhost:1268/session/d0d4a66748d9c762586d2bfdcc66887f/url'
20:45:20.519 [Forwarding get on session d0d4a66748d9c762586d2bfdcc66887f to remote] DEBUG org.asynchttpclient.netty.request.NettyRequestSender - Using open Channel [id: 0xcbd1f5c4, L:/127.0.0.1:52014 - R:localhost/127.0.0.1:1268] for POST '/session/d0d4a66748d9c762586d2bfdcc66887f/url'
20:45:20.807 [AsyncHttpClient-1-1] DEBUG org.asynchttpclient.netty.channel.DefaultChannelPool - Entry count for : http://localhost:52015 : 1
20:45:21.892 [AsyncHttpClient-1-1] DEBUG org.asynchttpclient.netty.channel.DefaultChannelPool - Entry count for : http://localhost:52015 : 1
20:45:22.992 [AsyncHttpClient-1-1] DEBUG org.asynchttpclient.netty.channel.DefaultChannelPool - Entry count for : http://localhost:52015 : 1
20:45:24.091 [AsyncHttpClient-1-1] DEBUG org.asynchttpclient.netty.channel.DefaultChannelPool - Entry count for : http://localhost:52015 : 1
20:45:24.541 [AsyncHttpClient-1-2] DEBUG org.asynchttpclient.netty.handler.HttpHandler - 

Request DefaultHttpRequest(decodeResult: success, version: HTTP/1.1)
POST /session/d0d4a66748d9c762586d2bfdcc66887f/url HTTP/1.1
User-Agent: selenium/4.11.0 (java windows)
Content-Length: 64
Content-Type: application/json; charset=utf-8
host: localhost:1268
accept: */*

Response DefaultHttpResponse(decodeResult: success, version: HTTP/1.1)
HTTP/1.1 200 OK
Content-Length: 14
Content-Type: application/json; charset=utf-8
cache-control: no-cache

20:45:24.541 [AsyncHttpClient-1-2] DEBUG org.asynchttpclient.netty.channel.ChannelManager - Adding key: http://localhost:1268 for channel [id: 0xcbd1f5c4, L:/127.0.0.1:52014 - R:localhost/127.0.0.1:1268]
  Given User is on the homepage                   # cucumber.StepDefinition.FileUploaderSteps.userIsOnTheHomepage()
20:45:24.548 [Forwarding findElement on session d0d4a66748d9c762586d2bfdcc66887f to remote] DEBUG org.asynchttpclient.netty.request.NettyRequestSender - Using pooled Channel '[id: 0xcbd1f5c4, L:/127.0.0.1:52014 - R:localhost/127.0.0.1:1268]' for 'POST' to 'http://localhost:1268/session/d0d4a66748d9c762586d2bfdcc66887f/element'
20:45:24.548 [Forwarding findElement on session d0d4a66748d9c762586d2bfdcc66887f to remote] DEBUG org.asynchttpclient.netty.request.NettyRequestSender - Using open Channel [id: 0xcbd1f5c4, L:/127.0.0.1:52014 - R:localhost/127.0.0.1:1268] for POST '/session/d0d4a66748d9c762586d2bfdcc66887f/element'
20:45:24.577 [AsyncHttpClient-1-2] DEBUG org.asynchttpclient.netty.handler.HttpHandler - 

Request DefaultHttpRequest(decodeResult: success, version: HTTP/1.1)
POST /session/d0d4a66748d9c762586d2bfdcc66887f/element HTTP/1.1
User-Agent: selenium/4.11.0 (java windows)
Content-Length: 82
Content-Type: application/json; charset=utf-8
host: localhost:1268
accept: */*

Response DefaultHttpResponse(decodeResult: success, version: HTTP/1.1)
HTTP/1.1 200 OK
Content-Length: 125
Content-Type: application/json; charset=utf-8
cache-control: no-cache

20:45:24.578 [AsyncHttpClient-1-2] DEBUG org.asynchttpclient.netty.channel.ChannelManager - Adding key: http://localhost:1268 for channel [id: 0xcbd1f5c4, L:/127.0.0.1:52014 - R:localhost/127.0.0.1:1268]
20:45:24.585 [Forwarding clickElement on session d0d4a66748d9c762586d2bfdcc66887f to remote] DEBUG org.asynchttpclient.netty.request.NettyRequestSender - Using pooled Channel '[id: 0xcbd1f5c4, L:/127.0.0.1:52014 - R:localhost/127.0.0.1:1268]' for 'POST' to 'http://localhost:1268/session/d0d4a66748d9c762586d2bfdcc66887f/element/f.97F16599464855B370E85AC179C6DC00.d.4AA816C1E515193E05822B5D239EC0D4.e.5/click'
20:45:24.585 [Forwarding clickElement on session d0d4a66748d9c762586d2bfdcc66887f to remote] DEBUG org.asynchttpclient.netty.request.NettyRequestSender - Using open Channel [id: 0xcbd1f5c4, L:/127.0.0.1:52014 - R:localhost/127.0.0.1:1268] for POST '/session/d0d4a66748d9c762586d2bfdcc66887f/element/f.97F16599464855B370E85AC179C6DC00.d.4AA816C1E515193E05822B5D239EC0D4.e.5/click'
20:45:25.192 [AsyncHttpClient-1-1] DEBUG org.asynchttpclient.netty.channel.DefaultChannelPool - Entry count for : http://localhost:52015 : 1
20:45:25.451 [AsyncHttpClient-1-2] DEBUG org.asynchttpclient.netty.handler.HttpHandler - 

Request DefaultHttpRequest(decodeResult: success, version: HTTP/1.1)
POST /session/d0d4a66748d9c762586d2bfdcc66887f/element/f.97F16599464855B370E85AC179C6DC00.d.4AA816C1E515193E05822B5D239EC0D4.e.5/click HTTP/1.1
User-Agent: selenium/4.11.0 (java windows)
Content-Length: 87
Content-Type: application/json; charset=utf-8
host: localhost:1268
accept: */*

Response DefaultHttpResponse(decodeResult: success, version: HTTP/1.1)
HTTP/1.1 200 OK
Content-Length: 14
Content-Type: application/json; charset=utf-8
cache-control: no-cache

20:45:25.451 [AsyncHttpClient-1-2] DEBUG org.asynchttpclient.netty.channel.ChannelManager - Adding key: http://localhost:1268 for channel [id: 0xcbd1f5c4, L:/127.0.0.1:52014 - R:localhost/127.0.0.1:1268]
  When User navigates to the File Upload page     # cucumber.StepDefinition.FileUploaderSteps.userNavigatesToFileUploadPage()
20:45:25.460 [Forwarding findElement on session d0d4a66748d9c762586d2bfdcc66887f to remote] DEBUG org.asynchttpclient.netty.request.NettyRequestSender - Using pooled Channel '[id: 0xcbd1f5c4, L:/127.0.0.1:52014 - R:localhost/127.0.0.1:1268]' for 'POST' to 'http://localhost:1268/session/d0d4a66748d9c762586d2bfdcc66887f/element'
20:45:25.461 [Forwarding findElement on session d0d4a66748d9c762586d2bfdcc66887f to remote] DEBUG org.asynchttpclient.netty.request.NettyRequestSender - Using open Channel [id: 0xcbd1f5c4, L:/127.0.0.1:52014 - R:localhost/127.0.0.1:1268] for POST '/session/d0d4a66748d9c762586d2bfdcc66887f/element'
20:45:25.479 [AsyncHttpClient-1-2] DEBUG org.asynchttpclient.netty.handler.HttpHandler - 

Request DefaultHttpRequest(decodeResult: success, version: HTTP/1.1)
POST /session/d0d4a66748d9c762586d2bfdcc66887f/element HTTP/1.1
User-Agent: selenium/4.11.0 (java windows)
Content-Length: 61
Content-Type: application/json; charset=utf-8
host: localhost:1268
accept: */*

Response DefaultHttpResponse(decodeResult: success, version: HTTP/1.1)
HTTP/1.1 200 OK
Content-Length: 126
Content-Type: application/json; charset=utf-8
cache-control: no-cache

20:45:25.480 [AsyncHttpClient-1-2] DEBUG org.asynchttpclient.netty.channel.ChannelManager - Adding key: http://localhost:1268 for channel [id: 0xcbd1f5c4, L:/127.0.0.1:52014 - R:localhost/127.0.0.1:1268]
20:45:25.487 [Forwarding sendKeysToElement on session d0d4a66748d9c762586d2bfdcc66887f to remote] DEBUG org.asynchttpclient.netty.request.NettyRequestSender - Using pooled Channel '[id: 0xcbd1f5c4, L:/127.0.0.1:52014 - R:localhost/127.0.0.1:1268]' for 'POST' to 'http://localhost:1268/session/d0d4a66748d9c762586d2bfdcc66887f/element/f.97F16599464855B370E85AC179C6DC00.d.FDF2C9A58CFCA2DF3AB3C997AA9581E9.e.13/value'
20:45:25.488 [Forwarding sendKeysToElement on session d0d4a66748d9c762586d2bfdcc66887f to remote] DEBUG org.asynchttpclient.netty.request.NettyRequestSender - Using open Channel [id: 0xcbd1f5c4, L:/127.0.0.1:52014 - R:localhost/127.0.0.1:1268] for POST '/session/d0d4a66748d9c762586d2bfdcc66887f/element/f.97F16599464855B370E85AC179C6DC00.d.FDF2C9A58CFCA2DF3AB3C997AA9581E9.e.13/value'
20:45:25.526 [AsyncHttpClient-1-2] DEBUG org.asynchttpclient.netty.handler.HttpHandler - 

Request DefaultHttpRequest(decodeResult: success, version: HTTP/1.1)
POST /session/d0d4a66748d9c762586d2bfdcc66887f/element/f.97F16599464855B370E85AC179C6DC00.d.FDF2C9A58CFCA2DF3AB3C997AA9581E9.e.13/value HTTP/1.1
User-Agent: selenium/4.11.0 (java windows)
Content-Length: 723
Content-Type: application/json; charset=utf-8
host: localhost:1268
accept: */*

Response DefaultHttpResponse(decodeResult: success, version: HTTP/1.1)
HTTP/1.1 200 OK
Content-Length: 14
Content-Type: application/json; charset=utf-8
cache-control: no-cache

20:45:25.526 [AsyncHttpClient-1-2] DEBUG org.asynchttpclient.netty.channel.ChannelManager - Adding key: http://localhost:1268 for channel [id: 0xcbd1f5c4, L:/127.0.0.1:52014 - R:localhost/127.0.0.1:1268]
  And User selects an invalid file type to upload # cucumber.StepDefinition.FileUploaderSteps.userSelectsInvalidFileTypeToUpload()
20:45:25.529 [Forwarding findElement on session d0d4a66748d9c762586d2bfdcc66887f to remote] DEBUG org.asynchttpclient.netty.request.NettyRequestSender - Using pooled Channel '[id: 0xcbd1f5c4, L:/127.0.0.1:52014 - R:localhost/127.0.0.1:1268]' for 'POST' to 'http://localhost:1268/session/d0d4a66748d9c762586d2bfdcc66887f/element'
20:45:25.529 [Forwarding findElement on session d0d4a66748d9c762586d2bfdcc66887f to remote] DEBUG org.asynchttpclient.netty.request.NettyRequestSender - Using open Channel [id: 0xcbd1f5c4, L:/127.0.0.1:52014 - R:localhost/127.0.0.1:1268] for POST '/session/d0d4a66748d9c762586d2bfdcc66887f/element'
20:45:25.546 [AsyncHttpClient-1-2] DEBUG org.asynchttpclient.netty.handler.HttpHandler - 

Request DefaultHttpRequest(decodeResult: success, version: HTTP/1.1)
POST /session/d0d4a66748d9c762586d2bfdcc66887f/element HTTP/1.1
User-Agent: selenium/4.11.0 (java windows)
Content-Length: 64
Content-Type: application/json; charset=utf-8
host: localhost:1268
accept: */*

Response DefaultHttpResponse(decodeResult: success, version: HTTP/1.1)
HTTP/1.1 200 OK
Content-Length: 126
Content-Type: application/json; charset=utf-8
cache-control: no-cache

20:45:25.546 [AsyncHttpClient-1-2] DEBUG org.asynchttpclient.netty.channel.ChannelManager - Adding key: http://localhost:1268 for channel [id: 0xcbd1f5c4, L:/127.0.0.1:52014 - R:localhost/127.0.0.1:1268]
20:45:25.548 [Forwarding clickElement on session d0d4a66748d9c762586d2bfdcc66887f to remote] DEBUG org.asynchttpclient.netty.request.NettyRequestSender - Using pooled Channel '[id: 0xcbd1f5c4, L:/127.0.0.1:52014 - R:localhost/127.0.0.1:1268]' for 'POST' to 'http://localhost:1268/session/d0d4a66748d9c762586d2bfdcc66887f/element/f.97F16599464855B370E85AC179C6DC00.d.FDF2C9A58CFCA2DF3AB3C997AA9581E9.e.15/click'
20:45:25.548 [Forwarding clickElement on session d0d4a66748d9c762586d2bfdcc66887f to remote] DEBUG org.asynchttpclient.netty.request.NettyRequestSender - Using open Channel [id: 0xcbd1f5c4, L:/127.0.0.1:52014 - R:localhost/127.0.0.1:1268] for POST '/session/d0d4a66748d9c762586d2bfdcc66887f/element/f.97F16599464855B370E85AC179C6DC00.d.FDF2C9A58CFCA2DF3AB3C997AA9581E9.e.15/click'
20:45:26.291 [AsyncHttpClient-1-1] DEBUG org.asynchttpclient.netty.channel.DefaultChannelPool - Entry count for : http://localhost:52015 : 1
20:45:27.391 [AsyncHttpClient-1-1] DEBUG org.asynchttpclient.netty.channel.DefaultChannelPool - Entry count for : http://localhost:52015 : 1
20:45:28.492 [AsyncHttpClient-1-1] DEBUG org.asynchttpclient.netty.channel.DefaultChannelPool - Entry count for : http://localhost:52015 : 1
20:45:29.085 [AsyncHttpClient-1-2] DEBUG org.asynchttpclient.netty.handler.HttpHandler - 

Request DefaultHttpRequest(decodeResult: success, version: HTTP/1.1)
POST /session/d0d4a66748d9c762586d2bfdcc66887f/element/f.97F16599464855B370E85AC179C6DC00.d.FDF2C9A58CFCA2DF3AB3C997AA9581E9.e.15/click HTTP/1.1
User-Agent: selenium/4.11.0 (java windows)
Content-Length: 88
Content-Type: application/json; charset=utf-8
host: localhost:1268
accept: */*

Response DefaultHttpResponse(decodeResult: success, version: HTTP/1.1)
HTTP/1.1 200 OK
Content-Length: 14
Content-Type: application/json; charset=utf-8
cache-control: no-cache

20:45:29.086 [AsyncHttpClient-1-2] DEBUG org.asynchttpclient.netty.channel.ChannelManager - Adding key: http://localhost:1268 for channel [id: 0xcbd1f5c4, L:/127.0.0.1:52014 - R:localhost/127.0.0.1:1268]
  And User submits the file                       # cucumber.StepDefinition.FileUploaderSteps.userSubmitsFile()
20:45:29.101 [AsyncHttpClient-1-4] DEBUG org.asynchttpclient.netty.handler.WebSocketHandler - Channel Closed: [id: 0x98aaf591, L:/127.0.0.1:52023 ! R:localhost/127.0.0.1:52015] with attribute DISCARD
20:45:29.104 [Driver Command Executor] DEBUG org.asynchttpclient.netty.request.NettyRequestSender - Using pooled Channel '[id: 0xcbd1f5c4, L:/127.0.0.1:52014 - R:localhost/127.0.0.1:1268]' for 'DELETE' to 'http://localhost:1268/session/d0d4a66748d9c762586d2bfdcc66887f'
20:45:29.104 [Driver Command Executor] DEBUG org.asynchttpclient.netty.request.NettyRequestSender - Using open Channel [id: 0xcbd1f5c4, L:/127.0.0.1:52014 - R:localhost/127.0.0.1:1268] for DELETE '/session/d0d4a66748d9c762586d2bfdcc66887f'
20:45:29.265 [AsyncHttpClient-1-3] DEBUG org.asynchttpclient.netty.handler.HttpHandler - Unexpected I/O exception on channel [id: 0x391c7931, L:/127.0.0.1:52022 - R:localhost/127.0.0.1:52015]
java.net.SocketException: Connection reset
	at java.base/sun.nio.ch.SocketChannelImpl.throwConnectionReset(SocketChannelImpl.java:394)
	at java.base/sun.nio.ch.SocketChannelImpl.read(SocketChannelImpl.java:426)
	at io.netty.buffer.PooledByteBuf.setBytes(PooledByteBuf.java:256)
	at io.netty.buffer.AbstractByteBuf.writeBytes(AbstractByteBuf.java:1132)
	at io.netty.channel.socket.nio.NioSocketChannel.doReadBytes(NioSocketChannel.java:357)
	at io.netty.channel.nio.AbstractNioByteChannel$NioByteUnsafe.read(AbstractNioByteChannel.java:151)
	at io.netty.channel.nio.NioEventLoop.processSelectedKey(NioEventLoop.java:788)
	at io.netty.channel.nio.NioEventLoop.processSelectedKeysOptimized(NioEventLoop.java:724)
	at io.netty.channel.nio.NioEventLoop.processSelectedKeys(NioEventLoop.java:650)
	at io.netty.channel.nio.NioEventLoop.run(NioEventLoop.java:562)
	at io.netty.util.concurrent.SingleThreadEventExecutor$4.run(SingleThreadEventExecutor.java:997)
	at io.netty.util.internal.ThreadExecutorMap$2.run(ThreadExecutorMap.java:74)
	at io.netty.util.concurrent.FastThreadLocalRunnable.run(FastThreadLocalRunnable.java:30)
	at java.base/java.lang.Thread.run(Thread.java:833)
20:45:29.266 [AsyncHttpClient-1-3] DEBUG org.asynchttpclient.netty.channel.ChannelManager - Closing Channel [id: 0x391c7931, L:/127.0.0.1:52022 - R:localhost/127.0.0.1:52015] 
20:45:29.268 [AsyncHttpClient-1-3] DEBUG org.asynchttpclient.netty.handler.HttpHandler - Channel Closed: [id: 0x391c7931, L:/127.0.0.1:52022 ! R:localhost/127.0.0.1:52015] with attribute DISCARD
20:45:29.366 [AsyncHttpClient-1-2] DEBUG org.asynchttpclient.netty.handler.HttpHandler - 

Request DefaultFullHttpRequest(decodeResult: success, version: HTTP/1.1, content: EmptyByteBufBE)
DELETE /session/d0d4a66748d9c762586d2bfdcc66887f HTTP/1.1
User-Agent: selenium/4.11.0 (java windows)
Content-Type: application/json; charset=utf-8
host: localhost:1268
accept: */*

Response DefaultHttpResponse(decodeResult: success, version: HTTP/1.1)
HTTP/1.1 200 OK
Content-Length: 14
Content-Type: application/json; charset=utf-8
cache-control: no-cache

20:45:29.367 [AsyncHttpClient-1-2] DEBUG org.asynchttpclient.netty.channel.ChannelManager - Adding key: http://localhost:1268 for channel [id: 0xcbd1f5c4, L:/127.0.0.1:52014 - R:localhost/127.0.0.1:1268]
20:45:29.592 [AsyncHttpClient-1-1] DEBUG org.asynchttpclient.netty.channel.DefaultChannelPool - Entry count for : http://localhost:1268 : 1
20:45:29.592 [AsyncHttpClient-1-1] DEBUG org.asynchttpclient.netty.channel.DefaultChannelPool - Entry count for : http://localhost:52015 : 1
20:45:29.592 [AsyncHttpClient-1-1] DEBUG org.asynchttpclient.netty.channel.DefaultChannelPool - Adding Candidate expired Channel [id: 0x391c7931, L:/127.0.0.1:52022 ! R:localhost/127.0.0.1:52015] isIdleTimeoutExpired=false isRemotelyClosed=true isTtlExpired=false
20:45:29.593 [AsyncHttpClient-1-1] DEBUG org.asynchttpclient.netty.channel.DefaultChannelPool - Closing Idle Channel [id: 0x391c7931, L:/127.0.0.1:52022 ! R:localhost/127.0.0.1:52015]
20:45:29.593 [AsyncHttpClient-1-1] DEBUG org.asynchttpclient.netty.channel.DefaultChannelPool - Closed 1 connections out of 2 in 1 ms
20:45:30.375 [AsyncHttpClient-1-2] DEBUG org.asynchttpclient.netty.handler.HttpHandler - Unexpected I/O exception on channel [id: 0xcbd1f5c4, L:/127.0.0.1:52014 - R:localhost/127.0.0.1:1268]
java.net.SocketException: Connection reset
	at java.base/sun.nio.ch.SocketChannelImpl.throwConnectionReset(SocketChannelImpl.java:394)
	at java.base/sun.nio.ch.SocketChannelImpl.read(SocketChannelImpl.java:426)
	at io.netty.buffer.PooledByteBuf.setBytes(PooledByteBuf.java:256)
	at io.netty.buffer.AbstractByteBuf.writeBytes(AbstractByteBuf.java:1132)
	at io.netty.channel.socket.nio.NioSocketChannel.doReadBytes(NioSocketChannel.java:357)
	at io.netty.channel.nio.AbstractNioByteChannel$NioByteUnsafe.read(AbstractNioByteChannel.java:151)
	at io.netty.channel.nio.NioEventLoop.processSelectedKey(NioEventLoop.java:788)
	at io.netty.channel.nio.NioEventLoop.processSelectedKeysOptimized(NioEventLoop.java:724)
	at io.netty.channel.nio.NioEventLoop.processSelectedKeys(NioEventLoop.java:650)
	at io.netty.channel.nio.NioEventLoop.run(NioEventLoop.java:562)
	at io.netty.util.concurrent.SingleThreadEventExecutor$4.run(SingleThreadEventExecutor.java:997)
	at io.netty.util.internal.ThreadExecutorMap$2.run(ThreadExecutorMap.java:74)
	at io.netty.util.concurrent.FastThreadLocalRunnable.run(FastThreadLocalRunnable.java:30)
	at java.base/java.lang.Thread.run(Thread.java:833)
20:45:30.376 [AsyncHttpClient-1-2] DEBUG org.asynchttpclient.netty.channel.ChannelManager - Closing Channel [id: 0xcbd1f5c4, L:/127.0.0.1:52014 - R:localhost/127.0.0.1:1268] 
20:45:30.376 [AsyncHttpClient-1-2] DEBUG org.asynchttpclient.netty.handler.HttpHandler - Channel Closed: [id: 0xcbd1f5c4, L:/127.0.0.1:52014 ! R:localhost/127.0.0.1:1268] with attribute DISCARD
]]></system-out>
    <system-err><![CDATA[Agu 16, 2024 8:45:20 PM org.openqa.selenium.devtools.CdpVersionFinder findNearestMatch
WARNING: Unable to find CDP implementation matching 127
Agu 16, 2024 8:45:20 PM org.openqa.selenium.chromium.ChromiumDriver lambda$new$5
WARNING: Unable to find version of CDP to use for 127.0.6533.101. You may need to include a dependency on a specific version of the CDP using something similar to `org.seleniumhq.selenium:selenium-devtools-v86:4.11.0` where the version ("v86") matches the version of the chromium-based browser you're using and the version number of the artifact is the same as Selenium's.
]]></system-err>
  </testcase>
</testsuite>