<?xml version="1.0" encoding="UTF-8"?>
<testsuite xmlns:xsi="http://www.w3.org/2001/XMLSchema-instance" xsi:noNamespaceSchemaLocation="https://maven.apache.org/surefire/maven-surefire-plugin/xsd/surefire-test-report-3.0.xsd" version="3.0" name="cucumber.RunCucumberTest" time="15.144" tests="1" errors="0" skipped="0" failures="0">
  <properties>
[...]
</properties>
  <testcase name="Verify the disappearing elements on the page" classname="Disappearing Element" time="13.861">
    <system-out><![CDATA[
@DisappearingElement
Scenario: Verify the disappearing elements on the page          # src/test/resources/cucumber/DisappearingElement.feature:4
22:58:17.800 [main] DEBUG io.netty.util.internal.logging.InternalLoggerFactory - Using SLF4J as the default logging framework
22:58:17.807 [main] DEBUG io.netty.util.ResourceLeakDetector - -Dio.netty.leakDetection.level: simple
22:58:17.807 [main] DEBUG io.netty.util.ResourceLeakDetector - -Dio.netty.leakDetection.targetRecords: 4
22:58:17.811 [main] DEBUG io.netty.util.ResourceLeakDetectorFactory - Loaded default ResourceLeakDetector: io.netty.util.ResourceLeakDetector@702ed190
22:58:17.831 [main] DEBUG io.netty.util.internal.PlatformDependent0 - -Dio.netty.noUnsafe: false
22:58:17.831 [main] DEBUG io.netty.util.internal.PlatformDependent0 - Java version: 17
22:58:17.833 [main] DEBUG io.netty.util.internal.PlatformDependent0 - sun.misc.Unsafe.theUnsafe: available
22:58:17.834 [main] DEBUG io.netty.util.internal.PlatformDependent0 - sun.misc.Unsafe.copyMemory: available
22:58:17.834 [main] DEBUG io.netty.util.internal.PlatformDependent0 - sun.misc.Unsafe.storeFence: available
22:58:17.835 [main] DEBUG io.netty.util.internal.PlatformDependent0 - java.nio.Buffer.address: available
22:58:17.836 [main] DEBUG io.netty.util.internal.PlatformDependent0 - direct buffer constructor: unavailable: Reflective setAccessible(true) disabled
22:58:17.838 [main] DEBUG io.netty.util.internal.PlatformDependent0 - java.nio.Bits.unaligned: available, true
22:58:17.839 [main] DEBUG io.netty.util.internal.PlatformDependent0 - jdk.internal.misc.Unsafe.allocateUninitializedArray(int): unavailable: class io.netty.util.internal.PlatformDependent0$7 cannot access class jdk.internal.misc.Unsafe (in module java.base) because module java.base does not export jdk.internal.misc to unnamed module @604ed9f0
22:58:17.841 [main] DEBUG io.netty.util.internal.PlatformDependent0 - java.nio.DirectByteBuffer.<init>(long, int): unavailable
22:58:17.841 [main] DEBUG io.netty.util.internal.PlatformDependent - sun.misc.Unsafe: available
22:58:17.842 [main] DEBUG io.netty.util.internal.PlatformDependent - maxDirectMemory: 5347737600 bytes (maybe)
22:58:17.843 [main] DEBUG io.netty.util.internal.PlatformDependent - -Dio.netty.tmpdir: C:\Users\User\AppData\Local\Temp (java.io.tmpdir)
22:58:17.843 [main] DEBUG io.netty.util.internal.PlatformDependent - -Dio.netty.bitMode: 64 (sun.arch.data.model)
22:58:17.843 [main] DEBUG io.netty.util.internal.PlatformDependent - Platform: Windows
22:58:17.845 [main] DEBUG io.netty.util.internal.PlatformDependent - -Dio.netty.maxDirectMemory: -1 bytes
22:58:17.845 [main] DEBUG io.netty.util.internal.PlatformDependent - -Dio.netty.uninitializedArrayAllocationThreshold: -1
22:58:17.846 [main] DEBUG io.netty.util.internal.CleanerJava9 - java.nio.ByteBuffer.cleaner(): available
22:58:17.847 [main] DEBUG io.netty.util.internal.PlatformDependent - -Dio.netty.noPreferDirect: false
22:58:17.855 [main] DEBUG io.netty.util.internal.PlatformDependent - org.jctools-core.MpscChunkedArrayQueue: available
22:58:17.893 [main] DEBUG io.netty.util.internal.InternalThreadLocalMap - -Dio.netty.threadLocalMap.stringBuilder.initialSize: 1024
22:58:17.893 [main] DEBUG io.netty.util.internal.InternalThreadLocalMap - -Dio.netty.threadLocalMap.stringBuilder.maxSize: 4096
22:58:18.101 [main] DEBUG io.netty.handler.ssl.JdkSslContext - Default protocols (JDK): [TLSv1.3, TLSv1.2] 
22:58:18.101 [main] DEBUG io.netty.handler.ssl.JdkSslContext - Default cipher suites (JDK): [TLS_ECDHE_ECDSA_WITH_AES_256_GCM_SHA384, TLS_ECDHE_ECDSA_WITH_AES_128_GCM_SHA256, TLS_ECDHE_RSA_WITH_AES_128_GCM_SHA256, TLS_ECDHE_RSA_WITH_AES_256_GCM_SHA384, TLS_ECDHE_RSA_WITH_AES_128_CBC_SHA, TLS_ECDHE_RSA_WITH_AES_256_CBC_SHA, TLS_RSA_WITH_AES_128_GCM_SHA256, TLS_RSA_WITH_AES_128_CBC_SHA, TLS_RSA_WITH_AES_256_CBC_SHA, TLS_AES_128_GCM_SHA256, TLS_AES_256_GCM_SHA384]
22:58:18.114 [main] DEBUG io.netty.util.concurrent.GlobalEventExecutor - -Dio.netty.globalEventExecutor.quietPeriodSeconds: 1
22:58:18.129 [main] DEBUG io.netty.channel.MultithreadEventLoopGroup - -Dio.netty.eventLoopThreads: 8
22:58:18.139 [main] DEBUG io.netty.channel.nio.NioEventLoop - -Dio.netty.noKeySetOptimization: false
22:58:18.139 [main] DEBUG io.netty.channel.nio.NioEventLoop - -Dio.netty.selectorAutoRebuildThreshold: 512
22:58:18.192 [main] DEBUG io.netty.buffer.PooledByteBufAllocator - -Dio.netty.allocator.numHeapArenas: 8
22:58:18.192 [main] DEBUG io.netty.buffer.PooledByteBufAllocator - -Dio.netty.allocator.numDirectArenas: 8
22:58:18.192 [main] DEBUG io.netty.buffer.PooledByteBufAllocator - -Dio.netty.allocator.pageSize: 8192
22:58:18.192 [main] DEBUG io.netty.buffer.PooledByteBufAllocator - -Dio.netty.allocator.maxOrder: 9
22:58:18.192 [main] DEBUG io.netty.buffer.PooledByteBufAllocator - -Dio.netty.allocator.chunkSize: 4194304
22:58:18.193 [main] DEBUG io.netty.buffer.PooledByteBufAllocator - -Dio.netty.allocator.smallCacheSize: 256
22:58:18.193 [main] DEBUG io.netty.buffer.PooledByteBufAllocator - -Dio.netty.allocator.normalCacheSize: 64
22:58:18.193 [main] DEBUG io.netty.buffer.PooledByteBufAllocator - -Dio.netty.allocator.maxCachedBufferCapacity: 32768
22:58:18.193 [main] DEBUG io.netty.buffer.PooledByteBufAllocator - -Dio.netty.allocator.cacheTrimInterval: 8192
22:58:18.193 [main] DEBUG io.netty.buffer.PooledByteBufAllocator - -Dio.netty.allocator.cacheTrimIntervalMillis: 0
22:58:18.193 [main] DEBUG io.netty.buffer.PooledByteBufAllocator - -Dio.netty.allocator.useCacheForAllThreads: false
22:58:18.193 [main] DEBUG io.netty.buffer.PooledByteBufAllocator - -Dio.netty.allocator.maxCachedByteBuffersPerChunk: 1023
22:58:18.215 [main] DEBUG io.netty.buffer.ByteBufUtil - -Dio.netty.allocator.type: pooled
22:58:18.216 [main] DEBUG io.netty.buffer.ByteBufUtil - -Dio.netty.threadLocalDirectBufferSize: 0
22:58:18.216 [main] DEBUG io.netty.buffer.ByteBufUtil - -Dio.netty.maxThreadLocalCharBufferSize: 16384
22:58:18.712 [Forwarding newSession on session null to remote] DEBUG io.netty.channel.DefaultChannelId - -Dio.netty.processId: 14200 (auto-detected)
22:58:18.716 [Forwarding newSession on session null to remote] DEBUG io.netty.util.NetUtil - -Djava.net.preferIPv4Stack: false
22:58:18.716 [Forwarding newSession on session null to remote] DEBUG io.netty.util.NetUtil - -Djava.net.preferIPv6Addresses: false
22:58:18.740 [Forwarding newSession on session null to remote] DEBUG io.netty.util.NetUtilInitializations - Loopback interface: lo (Software Loopback Interface 1, 127.0.0.1)
22:58:18.741 [Forwarding newSession on session null to remote] DEBUG io.netty.util.NetUtil - Failed to get SOMAXCONN from sysctl and file \proc\sys\net\core\somaxconn. Default: 200
22:58:18.835 [Forwarding newSession on session null to remote] DEBUG io.netty.channel.DefaultChannelId - -Dio.netty.machineId: b8:81:98:ff:fe:5a:26:e3 (auto-detected)
22:58:18.916 [AsyncHttpClient-1-2] DEBUG io.netty.buffer.AbstractByteBuf - -Dio.netty.buffer.checkAccessible: true
22:58:18.917 [AsyncHttpClient-1-2] DEBUG io.netty.buffer.AbstractByteBuf - -Dio.netty.buffer.checkBounds: true
22:58:18.917 [AsyncHttpClient-1-2] DEBUG io.netty.util.ResourceLeakDetectorFactory - Loaded default ResourceLeakDetector: io.netty.util.ResourceLeakDetector@4192acb
22:58:18.951 [AsyncHttpClient-1-2] DEBUG org.asynchttpclient.netty.channel.NettyConnectListener - Using new Channel '[id: 0x26bb37d9, L:/127.0.0.1:65443 - R:localhost/127.0.0.1:49111]' for 'POST' to '/session'
22:58:18.977 [AsyncHttpClient-1-2] DEBUG io.netty.util.Recycler - -Dio.netty.recycler.maxCapacityPerThread: 4096
22:58:18.977 [AsyncHttpClient-1-2] DEBUG io.netty.util.Recycler - -Dio.netty.recycler.ratio: 8
22:58:18.977 [AsyncHttpClient-1-2] DEBUG io.netty.util.Recycler - -Dio.netty.recycler.chunkSize: 32
22:58:18.978 [AsyncHttpClient-1-2] DEBUG io.netty.util.Recycler - -Dio.netty.recycler.blocking: false
22:58:18.978 [AsyncHttpClient-1-2] DEBUG io.netty.util.Recycler - -Dio.netty.recycler.batchFastThreadLocalOnly: true
22:58:20.453 [AsyncHttpClient-1-2] DEBUG io.netty.handler.codec.compression.Brotli - brotli4j not in the classpath; Brotli support will be unavailable.
22:58:20.453 [AsyncHttpClient-1-2] DEBUG org.asynchttpclient.netty.handler.HttpHandler - 

Request DefaultHttpRequest(decodeResult: success, version: HTTP/1.1)
POST /session HTTP/1.1
User-Agent: selenium/4.11.0 (java windows)
Content-Length: 728
Content-Type: application/json; charset=utf-8
host: localhost:49111
accept: */*

Response DefaultHttpResponse(decodeResult: success, version: HTTP/1.1)
HTTP/1.1 200 OK
Content-Length: 880
Content-Type: application/json; charset=utf-8
cache-control: no-cache

22:58:20.465 [AsyncHttpClient-1-2] DEBUG org.asynchttpclient.netty.channel.ChannelManager - Adding key: http://localhost:49111 for channel [id: 0x26bb37d9, L:/127.0.0.1:65443 - R:localhost/127.0.0.1:49111]
22:58:20.613 [AsyncHttpClient-1-3] DEBUG org.asynchttpclient.netty.channel.NettyConnectListener - Using new Channel '[id: 0xe207cc7f, L:/127.0.0.1:65450 - R:localhost/127.0.0.1:65444]' for 'GET' to '/json/version'
22:58:20.621 [AsyncHttpClient-1-3] DEBUG org.asynchttpclient.netty.handler.HttpHandler - 

Request DefaultFullHttpRequest(decodeResult: success, version: HTTP/1.1, content: EmptyByteBufBE)
GET /json/version HTTP/1.1
User-Agent: selenium/4.11.0 (java windows)
host: localhost:65444
accept: */*

Response DefaultHttpResponse(decodeResult: success, version: HTTP/1.1)
HTTP/1.1 200 OK
Content-Security-Policy: frame-ancestors 'none'
Content-Length: 424
Content-Type: application/json; charset=UTF-8

22:58:20.622 [AsyncHttpClient-1-3] DEBUG org.asynchttpclient.netty.channel.ChannelManager - Adding key: http://localhost:65444 for channel [id: 0xe207cc7f, L:/127.0.0.1:65450 - R:localhost/127.0.0.1:65444]
22:58:20.637 [main] DEBUG io.netty.util.internal.ThreadLocalRandom - -Dio.netty.initialSeedUniquifier: 0xd9dd984a541a57a8
22:58:20.647 [AsyncHttpClient-1-4] DEBUG org.asynchttpclient.netty.channel.NettyConnectListener - Using new Channel '[id: 0x9efe06c1, L:/127.0.0.1:65451 - R:localhost/127.0.0.1:65444]' for 'GET' to '/devtools/browser/7aaa9497-3263-4b29-bf77-e265e893fc07'
22:58:20.654 [AsyncHttpClient-1-4] DEBUG org.asynchttpclient.netty.handler.WebSocketHandler - 

Request DefaultFullHttpRequest(decodeResult: success, version: HTTP/1.1, content: EmptyByteBufBE)
GET /devtools/browser/7aaa9497-3263-4b29-bf77-e265e893fc07 HTTP/1.1
upgrade: websocket
connection: upgrade
sec-websocket-key: y5c7SVQlM3Poc88GSgy4pg==
sec-websocket-version: 13
origin: http://localhost:65444
host: localhost:65444
accept: */*
user-agent: AHC/2.1

Response DefaultHttpResponse(decodeResult: success, version: HTTP/1.1)
HTTP/1.1 101 WebSocket Protocol Handshake
Upgrade: WebSocket
Connection: Upgrade
Sec-WebSocket-Accept: EwdbwI5kU9aGBhih/oK8IMr5Wl0=

22:58:20.737 [Forwarding maximizeCurrentWindow on session 6e956104a3b54fbd757b0335ab248fc9 to remote] DEBUG org.asynchttpclient.netty.request.NettyRequestSender - Using pooled Channel '[id: 0x26bb37d9, L:/127.0.0.1:65443 - R:localhost/127.0.0.1:49111]' for 'POST' to 'http://localhost:49111/session/6e956104a3b54fbd757b0335ab248fc9/window/maximize'
22:58:20.738 [Forwarding maximizeCurrentWindow on session 6e956104a3b54fbd757b0335ab248fc9 to remote] DEBUG org.asynchttpclient.netty.request.NettyRequestSender - Using open Channel [id: 0x26bb37d9, L:/127.0.0.1:65443 - R:localhost/127.0.0.1:49111] for POST '/session/6e956104a3b54fbd757b0335ab248fc9/window/maximize'
22:58:20.853 [AsyncHttpClient-1-2] DEBUG org.asynchttpclient.netty.handler.HttpHandler - 

Request DefaultHttpRequest(decodeResult: success, version: HTTP/1.1)
POST /session/6e956104a3b54fbd757b0335ab248fc9/window/maximize HTTP/1.1
User-Agent: selenium/4.11.0 (java windows)
Content-Length: 3
Content-Type: application/json; charset=utf-8
host: localhost:49111
accept: */*

Response DefaultHttpResponse(decodeResult: success, version: HTTP/1.1)
HTTP/1.1 200 OK
Content-Length: 54
Content-Type: application/json; charset=utf-8
cache-control: no-cache

22:58:20.854 [AsyncHttpClient-1-2] DEBUG org.asynchttpclient.netty.channel.ChannelManager - Adding key: http://localhost:49111 for channel [id: 0x26bb37d9, L:/127.0.0.1:65443 - R:localhost/127.0.0.1:49111]
22:58:20.863 [Forwarding get on session 6e956104a3b54fbd757b0335ab248fc9 to remote] DEBUG org.asynchttpclient.netty.request.NettyRequestSender - Using pooled Channel '[id: 0x26bb37d9, L:/127.0.0.1:65443 - R:localhost/127.0.0.1:49111]' for 'POST' to 'http://localhost:49111/session/6e956104a3b54fbd757b0335ab248fc9/url'
22:58:20.864 [Forwarding get on session 6e956104a3b54fbd757b0335ab248fc9 to remote] DEBUG org.asynchttpclient.netty.request.NettyRequestSender - Using open Channel [id: 0x26bb37d9, L:/127.0.0.1:65443 - R:localhost/127.0.0.1:49111] for POST '/session/6e956104a3b54fbd757b0335ab248fc9/url'
22:58:21.364 [AsyncHttpClient-1-1] DEBUG org.asynchttpclient.netty.channel.DefaultChannelPool - Entry count for : http://localhost:65444 : 1
22:58:22.463 [AsyncHttpClient-1-1] DEBUG org.asynchttpclient.netty.channel.DefaultChannelPool - Entry count for : http://localhost:65444 : 1
22:58:23.564 [AsyncHttpClient-1-1] DEBUG org.asynchttpclient.netty.channel.DefaultChannelPool - Entry count for : http://localhost:65444 : 1
22:58:24.664 [AsyncHttpClient-1-1] DEBUG org.asynchttpclient.netty.channel.DefaultChannelPool - Entry count for : http://localhost:65444 : 1
22:58:25.764 [AsyncHttpClient-1-1] DEBUG org.asynchttpclient.netty.channel.DefaultChannelPool - Entry count for : http://localhost:65444 : 1
22:58:26.863 [AsyncHttpClient-1-1] DEBUG org.asynchttpclient.netty.channel.DefaultChannelPool - Entry count for : http://localhost:65444 : 1
22:58:27.964 [AsyncHttpClient-1-1] DEBUG org.asynchttpclient.netty.channel.DefaultChannelPool - Entry count for : http://localhost:65444 : 1
22:58:29.063 [AsyncHttpClient-1-1] DEBUG org.asynchttpclient.netty.channel.DefaultChannelPool - Entry count for : http://localhost:65444 : 1
22:58:29.691 [AsyncHttpClient-1-2] DEBUG org.asynchttpclient.netty.handler.HttpHandler - 

Request DefaultHttpRequest(decodeResult: success, version: HTTP/1.1)
POST /session/6e956104a3b54fbd757b0335ab248fc9/url HTTP/1.1
User-Agent: selenium/4.11.0 (java windows)
Content-Length: 65
Content-Type: application/json; charset=utf-8
host: localhost:49111
accept: */*

Response DefaultHttpResponse(decodeResult: success, version: HTTP/1.1)
HTTP/1.1 200 OK
Content-Length: 14
Content-Type: application/json; charset=utf-8
cache-control: no-cache

22:58:29.692 [AsyncHttpClient-1-2] DEBUG org.asynchttpclient.netty.channel.ChannelManager - Adding key: http://localhost:49111 for channel [id: 0x26bb37d9, L:/127.0.0.1:65443 - R:localhost/127.0.0.1:49111]
  Given I am on the landing page                                # cucumber.StepDefinition.DisappearingElementSteps.iAmOnTheLandingPage()
22:58:29.698 [Forwarding findElement on session 6e956104a3b54fbd757b0335ab248fc9 to remote] DEBUG org.asynchttpclient.netty.request.NettyRequestSender - Using pooled Channel '[id: 0x26bb37d9, L:/127.0.0.1:65443 - R:localhost/127.0.0.1:49111]' for 'POST' to 'http://localhost:49111/session/6e956104a3b54fbd757b0335ab248fc9/element'
22:58:29.698 [Forwarding findElement on session 6e956104a3b54fbd757b0335ab248fc9 to remote] DEBUG org.asynchttpclient.netty.request.NettyRequestSender - Using open Channel [id: 0x26bb37d9, L:/127.0.0.1:65443 - R:localhost/127.0.0.1:49111] for POST '/session/6e956104a3b54fbd757b0335ab248fc9/element'
22:58:29.729 [AsyncHttpClient-1-2] DEBUG org.asynchttpclient.netty.handler.HttpHandler - 

Request DefaultHttpRequest(decodeResult: success, version: HTTP/1.1)
POST /session/6e956104a3b54fbd757b0335ab248fc9/element HTTP/1.1
User-Agent: selenium/4.11.0 (java windows)
Content-Length: 62
Content-Type: application/json; charset=utf-8
host: localhost:49111
accept: */*

Response DefaultHttpResponse(decodeResult: success, version: HTTP/1.1)
HTTP/1.1 200 OK
Content-Length: 125
Content-Type: application/json; charset=utf-8
cache-control: no-cache

22:58:29.729 [AsyncHttpClient-1-2] DEBUG org.asynchttpclient.netty.channel.ChannelManager - Adding key: http://localhost:49111 for channel [id: 0x26bb37d9, L:/127.0.0.1:65443 - R:localhost/127.0.0.1:49111]
22:58:29.736 [Forwarding clickElement on session 6e956104a3b54fbd757b0335ab248fc9 to remote] DEBUG org.asynchttpclient.netty.request.NettyRequestSender - Using pooled Channel '[id: 0x26bb37d9, L:/127.0.0.1:65443 - R:localhost/127.0.0.1:49111]' for 'POST' to 'http://localhost:49111/session/6e956104a3b54fbd757b0335ab248fc9/element/f.C642FF5A51A98B581E1AE875C683DBCB.d.20BB6595E11DDBF5CFCA75B9266FF545.e.5/click'
22:58:29.736 [Forwarding clickElement on session 6e956104a3b54fbd757b0335ab248fc9 to remote] DEBUG org.asynchttpclient.netty.request.NettyRequestSender - Using open Channel [id: 0x26bb37d9, L:/127.0.0.1:65443 - R:localhost/127.0.0.1:49111] for POST '/session/6e956104a3b54fbd757b0335ab248fc9/element/f.C642FF5A51A98B581E1AE875C683DBCB.d.20BB6595E11DDBF5CFCA75B9266FF545.e.5/click'
22:58:30.164 [AsyncHttpClient-1-1] DEBUG org.asynchttpclient.netty.channel.DefaultChannelPool - Entry count for : http://localhost:65444 : 1
22:58:30.312 [AsyncHttpClient-1-2] DEBUG org.asynchttpclient.netty.handler.HttpHandler - 

Request DefaultHttpRequest(decodeResult: success, version: HTTP/1.1)
POST /session/6e956104a3b54fbd757b0335ab248fc9/element/f.C642FF5A51A98B581E1AE875C683DBCB.d.20BB6595E11DDBF5CFCA75B9266FF545.e.5/click HTTP/1.1
User-Agent: selenium/4.11.0 (java windows)
Content-Length: 87
Content-Type: application/json; charset=utf-8
host: localhost:49111
accept: */*

Response DefaultHttpResponse(decodeResult: success, version: HTTP/1.1)
HTTP/1.1 200 OK
Content-Length: 14
Content-Type: application/json; charset=utf-8
cache-control: no-cache

22:58:30.313 [AsyncHttpClient-1-2] DEBUG org.asynchttpclient.netty.channel.ChannelManager - Adding key: http://localhost:49111 for channel [id: 0x26bb37d9, L:/127.0.0.1:65443 - R:localhost/127.0.0.1:49111]
  When I click on the "Disappearing Elements" link              # cucumber.StepDefinition.DisappearingElementSteps.iClickOnTheLink(java.lang.String)
22:58:30.322 [Forwarding findElements on session 6e956104a3b54fbd757b0335ab248fc9 to remote] DEBUG org.asynchttpclient.netty.request.NettyRequestSender - Using pooled Channel '[id: 0x26bb37d9, L:/127.0.0.1:65443 - R:localhost/127.0.0.1:49111]' for 'POST' to 'http://localhost:49111/session/6e956104a3b54fbd757b0335ab248fc9/elements'
22:58:30.323 [Forwarding findElements on session 6e956104a3b54fbd757b0335ab248fc9 to remote] DEBUG org.asynchttpclient.netty.request.NettyRequestSender - Using open Channel [id: 0x26bb37d9, L:/127.0.0.1:65443 - R:localhost/127.0.0.1:49111] for POST '/session/6e956104a3b54fbd757b0335ab248fc9/elements'
22:58:30.342 [AsyncHttpClient-1-2] DEBUG org.asynchttpclient.netty.handler.HttpHandler - 

Request DefaultHttpRequest(decodeResult: success, version: HTTP/1.1)
POST /session/6e956104a3b54fbd757b0335ab248fc9/elements HTTP/1.1
User-Agent: selenium/4.11.0 (java windows)
Content-Length: 49
Content-Type: application/json; charset=utf-8
host: localhost:49111
accept: */*

Response DefaultHttpResponse(decodeResult: success, version: HTTP/1.1)
HTTP/1.1 200 OK
Content-Length: 596
Content-Type: application/json; charset=utf-8
cache-control: no-cache

22:58:30.343 [AsyncHttpClient-1-2] DEBUG org.asynchttpclient.netty.channel.ChannelManager - Adding key: http://localhost:49111 for channel [id: 0x26bb37d9, L:/127.0.0.1:65443 - R:localhost/127.0.0.1:49111]
Number of elements: 5
  Then I should see a list of elements                          # cucumber.StepDefinition.DisappearingElementSteps.iShouldSeeAListOfElements()
22:58:30.361 [Forwarding findElements on session 6e956104a3b54fbd757b0335ab248fc9 to remote] DEBUG org.asynchttpclient.netty.request.NettyRequestSender - Using pooled Channel '[id: 0x26bb37d9, L:/127.0.0.1:65443 - R:localhost/127.0.0.1:49111]' for 'POST' to 'http://localhost:49111/session/6e956104a3b54fbd757b0335ab248fc9/elements'
22:58:30.361 [Forwarding findElements on session 6e956104a3b54fbd757b0335ab248fc9 to remote] DEBUG org.asynchttpclient.netty.request.NettyRequestSender - Using open Channel [id: 0x26bb37d9, L:/127.0.0.1:65443 - R:localhost/127.0.0.1:49111] for POST '/session/6e956104a3b54fbd757b0335ab248fc9/elements'
22:58:30.373 [AsyncHttpClient-1-2] DEBUG org.asynchttpclient.netty.handler.HttpHandler - 

Request DefaultHttpRequest(decodeResult: success, version: HTTP/1.1)
POST /session/6e956104a3b54fbd757b0335ab248fc9/elements HTTP/1.1
User-Agent: selenium/4.11.0 (java windows)
Content-Length: 49
Content-Type: application/json; charset=utf-8
host: localhost:49111
accept: */*

Response DefaultHttpResponse(decodeResult: success, version: HTTP/1.1)
HTTP/1.1 200 OK
Content-Length: 596
Content-Type: application/json; charset=utf-8
cache-control: no-cache

22:58:30.373 [AsyncHttpClient-1-2] DEBUG org.asynchttpclient.netty.channel.ChannelManager - Adding key: http://localhost:49111 for channel [id: 0x26bb37d9, L:/127.0.0.1:65443 - R:localhost/127.0.0.1:49111]
22:58:30.375 [Forwarding getElementText on session 6e956104a3b54fbd757b0335ab248fc9 to remote] DEBUG org.asynchttpclient.netty.request.NettyRequestSender - Using pooled Channel '[id: 0x26bb37d9, L:/127.0.0.1:65443 - R:localhost/127.0.0.1:49111]' for 'GET' to 'http://localhost:49111/session/6e956104a3b54fbd757b0335ab248fc9/element/f.C642FF5A51A98B581E1AE875C683DBCB.d.406C47B82FA1419B024BDE3572E105BA.e.13/text'
22:58:30.376 [Forwarding getElementText on session 6e956104a3b54fbd757b0335ab248fc9 to remote] DEBUG org.asynchttpclient.netty.request.NettyRequestSender - Using open Channel [id: 0x26bb37d9, L:/127.0.0.1:65443 - R:localhost/127.0.0.1:49111] for GET '/session/6e956104a3b54fbd757b0335ab248fc9/element/f.C642FF5A51A98B581E1AE875C683DBCB.d.406C47B82FA1419B024BDE3572E105BA.e.13/text'
22:58:30.395 [AsyncHttpClient-1-2] DEBUG org.asynchttpclient.netty.handler.HttpHandler - 

Request DefaultFullHttpRequest(decodeResult: success, version: HTTP/1.1, content: EmptyByteBufBE)
GET /session/6e956104a3b54fbd757b0335ab248fc9/element/f.C642FF5A51A98B581E1AE875C683DBCB.d.406C47B82FA1419B024BDE3572E105BA.e.13/text HTTP/1.1
User-Agent: selenium/4.11.0 (java windows)
Cache-Control: no-cache
Content-Type: application/json; charset=utf-8
host: localhost:49111
accept: */*

Response DefaultHttpResponse(decodeResult: success, version: HTTP/1.1)
HTTP/1.1 200 OK
Content-Length: 16
Content-Type: application/json; charset=utf-8
cache-control: no-cache

22:58:30.396 [AsyncHttpClient-1-2] DEBUG org.asynchttpclient.netty.channel.ChannelManager - Adding key: http://localhost:49111 for channel [id: 0x26bb37d9, L:/127.0.0.1:65443 - R:localhost/127.0.0.1:49111]
Element text: Home
22:58:30.397 [Forwarding getElementText on session 6e956104a3b54fbd757b0335ab248fc9 to remote] DEBUG org.asynchttpclient.netty.request.NettyRequestSender - Using pooled Channel '[id: 0x26bb37d9, L:/127.0.0.1:65443 - R:localhost/127.0.0.1:49111]' for 'GET' to 'http://localhost:49111/session/6e956104a3b54fbd757b0335ab248fc9/element/f.C642FF5A51A98B581E1AE875C683DBCB.d.406C47B82FA1419B024BDE3572E105BA.e.14/text'
22:58:30.397 [Forwarding getElementText on session 6e956104a3b54fbd757b0335ab248fc9 to remote] DEBUG org.asynchttpclient.netty.request.NettyRequestSender - Using open Channel [id: 0x26bb37d9, L:/127.0.0.1:65443 - R:localhost/127.0.0.1:49111] for GET '/session/6e956104a3b54fbd757b0335ab248fc9/element/f.C642FF5A51A98B581E1AE875C683DBCB.d.406C47B82FA1419B024BDE3572E105BA.e.14/text'
22:58:30.416 [AsyncHttpClient-1-2] DEBUG org.asynchttpclient.netty.handler.HttpHandler - 

Request DefaultFullHttpRequest(decodeResult: success, version: HTTP/1.1, content: EmptyByteBufBE)
GET /session/6e956104a3b54fbd757b0335ab248fc9/element/f.C642FF5A51A98B581E1AE875C683DBCB.d.406C47B82FA1419B024BDE3572E105BA.e.14/text HTTP/1.1
User-Agent: selenium/4.11.0 (java windows)
Cache-Control: no-cache
Content-Type: application/json; charset=utf-8
host: localhost:49111
accept: */*

Response DefaultHttpResponse(decodeResult: success, version: HTTP/1.1)
HTTP/1.1 200 OK
Content-Length: 17
Content-Type: application/json; charset=utf-8
cache-control: no-cache

22:58:30.417 [AsyncHttpClient-1-2] DEBUG org.asynchttpclient.netty.channel.ChannelManager - Adding key: http://localhost:49111 for channel [id: 0x26bb37d9, L:/127.0.0.1:65443 - R:localhost/127.0.0.1:49111]
Element text: About
22:58:30.420 [Forwarding getElementText on session 6e956104a3b54fbd757b0335ab248fc9 to remote] DEBUG org.asynchttpclient.netty.request.NettyRequestSender - Using pooled Channel '[id: 0x26bb37d9, L:/127.0.0.1:65443 - R:localhost/127.0.0.1:49111]' for 'GET' to 'http://localhost:49111/session/6e956104a3b54fbd757b0335ab248fc9/element/f.C642FF5A51A98B581E1AE875C683DBCB.d.406C47B82FA1419B024BDE3572E105BA.e.15/text'
22:58:30.420 [Forwarding getElementText on session 6e956104a3b54fbd757b0335ab248fc9 to remote] DEBUG org.asynchttpclient.netty.request.NettyRequestSender - Using open Channel [id: 0x26bb37d9, L:/127.0.0.1:65443 - R:localhost/127.0.0.1:49111] for GET '/session/6e956104a3b54fbd757b0335ab248fc9/element/f.C642FF5A51A98B581E1AE875C683DBCB.d.406C47B82FA1419B024BDE3572E105BA.e.15/text'
22:58:30.437 [AsyncHttpClient-1-2] DEBUG org.asynchttpclient.netty.handler.HttpHandler - 

Request DefaultFullHttpRequest(decodeResult: success, version: HTTP/1.1, content: EmptyByteBufBE)
GET /session/6e956104a3b54fbd757b0335ab248fc9/element/f.C642FF5A51A98B581E1AE875C683DBCB.d.406C47B82FA1419B024BDE3572E105BA.e.15/text HTTP/1.1
User-Agent: selenium/4.11.0 (java windows)
Cache-Control: no-cache
Content-Type: application/json; charset=utf-8
host: localhost:49111
accept: */*

Response DefaultHttpResponse(decodeResult: success, version: HTTP/1.1)
HTTP/1.1 200 OK
Content-Length: 22
Content-Type: application/json; charset=utf-8
cache-control: no-cache

22:58:30.438 [AsyncHttpClient-1-2] DEBUG org.asynchttpclient.netty.channel.ChannelManager - Adding key: http://localhost:49111 for channel [id: 0x26bb37d9, L:/127.0.0.1:65443 - R:localhost/127.0.0.1:49111]
Element text: Contact Us
22:58:30.440 [Forwarding getElementText on session 6e956104a3b54fbd757b0335ab248fc9 to remote] DEBUG org.asynchttpclient.netty.request.NettyRequestSender - Using pooled Channel '[id: 0x26bb37d9, L:/127.0.0.1:65443 - R:localhost/127.0.0.1:49111]' for 'GET' to 'http://localhost:49111/session/6e956104a3b54fbd757b0335ab248fc9/element/f.C642FF5A51A98B581E1AE875C683DBCB.d.406C47B82FA1419B024BDE3572E105BA.e.16/text'
22:58:30.440 [Forwarding getElementText on session 6e956104a3b54fbd757b0335ab248fc9 to remote] DEBUG org.asynchttpclient.netty.request.NettyRequestSender - Using open Channel [id: 0x26bb37d9, L:/127.0.0.1:65443 - R:localhost/127.0.0.1:49111] for GET '/session/6e956104a3b54fbd757b0335ab248fc9/element/f.C642FF5A51A98B581E1AE875C683DBCB.d.406C47B82FA1419B024BDE3572E105BA.e.16/text'
22:58:30.453 [AsyncHttpClient-1-2] DEBUG org.asynchttpclient.netty.handler.HttpHandler - 

Request DefaultFullHttpRequest(decodeResult: success, version: HTTP/1.1, content: EmptyByteBufBE)
GET /session/6e956104a3b54fbd757b0335ab248fc9/element/f.C642FF5A51A98B581E1AE875C683DBCB.d.406C47B82FA1419B024BDE3572E105BA.e.16/text HTTP/1.1
User-Agent: selenium/4.11.0 (java windows)
Cache-Control: no-cache
Content-Type: application/json; charset=utf-8
host: localhost:49111
accept: */*

Response DefaultHttpResponse(decodeResult: success, version: HTTP/1.1)
HTTP/1.1 200 OK
Content-Length: 21
Content-Type: application/json; charset=utf-8
cache-control: no-cache

22:58:30.453 [AsyncHttpClient-1-2] DEBUG org.asynchttpclient.netty.channel.ChannelManager - Adding key: http://localhost:49111 for channel [id: 0x26bb37d9, L:/127.0.0.1:65443 - R:localhost/127.0.0.1:49111]
Element text: Portfolio
22:58:30.455 [Forwarding getElementText on session 6e956104a3b54fbd757b0335ab248fc9 to remote] DEBUG org.asynchttpclient.netty.request.NettyRequestSender - Using pooled Channel '[id: 0x26bb37d9, L:/127.0.0.1:65443 - R:localhost/127.0.0.1:49111]' for 'GET' to 'http://localhost:49111/session/6e956104a3b54fbd757b0335ab248fc9/element/f.C642FF5A51A98B581E1AE875C683DBCB.d.406C47B82FA1419B024BDE3572E105BA.e.17/text'
22:58:30.455 [Forwarding getElementText on session 6e956104a3b54fbd757b0335ab248fc9 to remote] DEBUG org.asynchttpclient.netty.request.NettyRequestSender - Using open Channel [id: 0x26bb37d9, L:/127.0.0.1:65443 - R:localhost/127.0.0.1:49111] for GET '/session/6e956104a3b54fbd757b0335ab248fc9/element/f.C642FF5A51A98B581E1AE875C683DBCB.d.406C47B82FA1419B024BDE3572E105BA.e.17/text'
22:58:30.465 [AsyncHttpClient-1-2] DEBUG org.asynchttpclient.netty.handler.HttpHandler - 

Request DefaultFullHttpRequest(decodeResult: success, version: HTTP/1.1, content: EmptyByteBufBE)
GET /session/6e956104a3b54fbd757b0335ab248fc9/element/f.C642FF5A51A98B581E1AE875C683DBCB.d.406C47B82FA1419B024BDE3572E105BA.e.17/text HTTP/1.1
User-Agent: selenium/4.11.0 (java windows)
Cache-Control: no-cache
Content-Type: application/json; charset=utf-8
host: localhost:49111
accept: */*

Response DefaultHttpResponse(decodeResult: success, version: HTTP/1.1)
HTTP/1.1 200 OK
Content-Length: 19
Content-Type: application/json; charset=utf-8
cache-control: no-cache

22:58:30.465 [AsyncHttpClient-1-2] DEBUG org.asynchttpclient.netty.channel.ChannelManager - Adding key: http://localhost:49111 for channel [id: 0x26bb37d9, L:/127.0.0.1:65443 - R:localhost/127.0.0.1:49111]
Element text: Gallery
  And I should log each element's text                          # cucumber.StepDefinition.DisappearingElementSteps.iShouldLogEachElementSText()
22:58:30.469 [Forwarding findElements on session 6e956104a3b54fbd757b0335ab248fc9 to remote] DEBUG org.asynchttpclient.netty.request.NettyRequestSender - Using pooled Channel '[id: 0x26bb37d9, L:/127.0.0.1:65443 - R:localhost/127.0.0.1:49111]' for 'POST' to 'http://localhost:49111/session/6e956104a3b54fbd757b0335ab248fc9/elements'
22:58:30.470 [Forwarding findElements on session 6e956104a3b54fbd757b0335ab248fc9 to remote] DEBUG org.asynchttpclient.netty.request.NettyRequestSender - Using open Channel [id: 0x26bb37d9, L:/127.0.0.1:65443 - R:localhost/127.0.0.1:49111] for POST '/session/6e956104a3b54fbd757b0335ab248fc9/elements'
22:58:30.479 [AsyncHttpClient-1-2] DEBUG org.asynchttpclient.netty.handler.HttpHandler - 

Request DefaultHttpRequest(decodeResult: success, version: HTTP/1.1)
POST /session/6e956104a3b54fbd757b0335ab248fc9/elements HTTP/1.1
User-Agent: selenium/4.11.0 (java windows)
Content-Length: 49
Content-Type: application/json; charset=utf-8
host: localhost:49111
accept: */*

Response DefaultHttpResponse(decodeResult: success, version: HTTP/1.1)
HTTP/1.1 200 OK
Content-Length: 596
Content-Type: application/json; charset=utf-8
cache-control: no-cache

22:58:30.480 [AsyncHttpClient-1-2] DEBUG org.asynchttpclient.netty.channel.ChannelManager - Adding key: http://localhost:49111 for channel [id: 0x26bb37d9, L:/127.0.0.1:65443 - R:localhost/127.0.0.1:49111]
22:58:30.482 [Forwarding getElementText on session 6e956104a3b54fbd757b0335ab248fc9 to remote] DEBUG org.asynchttpclient.netty.request.NettyRequestSender - Using pooled Channel '[id: 0x26bb37d9, L:/127.0.0.1:65443 - R:localhost/127.0.0.1:49111]' for 'GET' to 'http://localhost:49111/session/6e956104a3b54fbd757b0335ab248fc9/element/f.C642FF5A51A98B581E1AE875C683DBCB.d.406C47B82FA1419B024BDE3572E105BA.e.17/text'
22:58:30.482 [Forwarding getElementText on session 6e956104a3b54fbd757b0335ab248fc9 to remote] DEBUG org.asynchttpclient.netty.request.NettyRequestSender - Using open Channel [id: 0x26bb37d9, L:/127.0.0.1:65443 - R:localhost/127.0.0.1:49111] for GET '/session/6e956104a3b54fbd757b0335ab248fc9/element/f.C642FF5A51A98B581E1AE875C683DBCB.d.406C47B82FA1419B024BDE3572E105BA.e.17/text'
22:58:30.497 [AsyncHttpClient-1-2] DEBUG org.asynchttpclient.netty.handler.HttpHandler - 

Request DefaultFullHttpRequest(decodeResult: success, version: HTTP/1.1, content: EmptyByteBufBE)
GET /session/6e956104a3b54fbd757b0335ab248fc9/element/f.C642FF5A51A98B581E1AE875C683DBCB.d.406C47B82FA1419B024BDE3572E105BA.e.17/text HTTP/1.1
User-Agent: selenium/4.11.0 (java windows)
Cache-Control: no-cache
Content-Type: application/json; charset=utf-8
host: localhost:49111
accept: */*

Response DefaultHttpResponse(decodeResult: success, version: HTTP/1.1)
HTTP/1.1 200 OK
Content-Length: 19
Content-Type: application/json; charset=utf-8
cache-control: no-cache

22:58:30.497 [AsyncHttpClient-1-2] DEBUG org.asynchttpclient.netty.channel.ChannelManager - Adding key: http://localhost:49111 for channel [id: 0x26bb37d9, L:/127.0.0.1:65443 - R:localhost/127.0.0.1:49111]
Gallery is present
  And I should verify that the "Gallery" element is not present # cucumber.StepDefinition.DisappearingElementSteps.iShouldVerifyThatTheElementIsNotPresent(java.lang.String)
22:58:30.520 [Driver Command Executor] DEBUG org.asynchttpclient.netty.request.NettyRequestSender - Using pooled Channel '[id: 0x26bb37d9, L:/127.0.0.1:65443 - R:localhost/127.0.0.1:49111]' for 'DELETE' to 'http://localhost:49111/session/6e956104a3b54fbd757b0335ab248fc9'
22:58:30.521 [Driver Command Executor] DEBUG org.asynchttpclient.netty.request.NettyRequestSender - Using open Channel [id: 0x26bb37d9, L:/127.0.0.1:65443 - R:localhost/127.0.0.1:49111] for DELETE '/session/6e956104a3b54fbd757b0335ab248fc9'
22:58:30.523 [AsyncHttpClient-1-4] DEBUG org.asynchttpclient.netty.handler.WebSocketHandler - Channel Closed: [id: 0x9efe06c1, L:/127.0.0.1:65451 ! R:localhost/127.0.0.1:65444] with attribute DISCARD
22:58:30.952 [AsyncHttpClient-1-3] DEBUG org.asynchttpclient.netty.handler.HttpHandler - Unexpected I/O exception on channel [id: 0xe207cc7f, L:/127.0.0.1:65450 - R:localhost/127.0.0.1:65444]
java.net.SocketException: Connection reset
	at java.base/sun.nio.ch.SocketChannelImpl.throwConnectionReset(SocketChannelImpl.java:394)
	at java.base/sun.nio.ch.SocketChannelImpl.read(SocketChannelImpl.java:426)
	at io.netty.buffer.PooledByteBuf.setBytes(PooledByteBuf.java:256)
	at io.netty.buffer.AbstractByteBuf.writeBytes(AbstractByteBuf.java:1132)
	at io.netty.channel.socket.nio.NioSocketChannel.doReadBytes(NioSocketChannel.java:357)
	at io.netty.channel.nio.AbstractNioByteChannel$NioByteUnsafe.read(AbstractNioByteChannel.java:151)
	at io.netty.channel.nio.NioEventLoop.processSelectedKey(NioEventLoop.java:788)
	at io.netty.channel.nio.NioEventLoop.processSelectedKeysOptimized(NioEventLoop.java:724)
	at io.netty.channel.nio.NioEventLoop.processSelectedKeys(NioEventLoop.java:650)
	at io.netty.channel.nio.NioEventLoop.run(NioEventLoop.java:562)
	at io.netty.util.concurrent.SingleThreadEventExecutor$4.run(SingleThreadEventExecutor.java:997)
	at io.netty.util.internal.ThreadExecutorMap$2.run(ThreadExecutorMap.java:74)
	at io.netty.util.concurrent.FastThreadLocalRunnable.run(FastThreadLocalRunnable.java:30)
	at java.base/java.lang.Thread.run(Thread.java:833)
22:58:30.953 [AsyncHttpClient-1-3] DEBUG org.asynchttpclient.netty.channel.ChannelManager - Closing Channel [id: 0xe207cc7f, L:/127.0.0.1:65450 - R:localhost/127.0.0.1:65444] 
22:58:30.954 [AsyncHttpClient-1-3] DEBUG org.asynchttpclient.netty.handler.HttpHandler - Channel Closed: [id: 0xe207cc7f, L:/127.0.0.1:65450 ! R:localhost/127.0.0.1:65444] with attribute DISCARD
22:58:30.986 [AsyncHttpClient-1-2] DEBUG org.asynchttpclient.netty.handler.HttpHandler - 

Request DefaultFullHttpRequest(decodeResult: success, version: HTTP/1.1, content: EmptyByteBufBE)
DELETE /session/6e956104a3b54fbd757b0335ab248fc9 HTTP/1.1
User-Agent: selenium/4.11.0 (java windows)
Content-Type: application/json; charset=utf-8
host: localhost:49111
accept: */*

Response DefaultHttpResponse(decodeResult: success, version: HTTP/1.1)
HTTP/1.1 200 OK
Content-Length: 14
Content-Type: application/json; charset=utf-8
cache-control: no-cache

22:58:30.987 [AsyncHttpClient-1-2] DEBUG org.asynchttpclient.netty.channel.ChannelManager - Adding key: http://localhost:49111 for channel [id: 0x26bb37d9, L:/127.0.0.1:65443 - R:localhost/127.0.0.1:49111]
22:58:31.204 [AsyncHttpClient-1-2] DEBUG org.asynchttpclient.netty.handler.HttpHandler - Channel Closed: [id: 0x26bb37d9, L:/127.0.0.1:65443 ! R:localhost/127.0.0.1:49111] with attribute DISCARD
]]></system-out>
    <system-err><![CDATA[Agu 14, 2024 10:58:20 PM org.openqa.selenium.devtools.CdpVersionFinder findNearestMatch
WARNING: Unable to find CDP implementation matching 127
Agu 14, 2024 10:58:20 PM org.openqa.selenium.chromium.ChromiumDriver lambda$new$5
WARNING: Unable to find version of CDP to use for 127.0.6533.100. You may need to include a dependency on a specific version of the CDP using something similar to `org.seleniumhq.selenium:selenium-devtools-v86:4.11.0` where the version ("v86") matches the version of the chromium-based browser you're using and the version number of the artifact is the same as Selenium's.
]]></system-err>
  </testcase>
</testsuite>